<?xml version="1.0" encoding="UTF-8"?>
<testng-results ignored="0" total="4" passed="4" failed="0" skipped="0">
  <reporter-output>
  </reporter-output>
  <suite started-at="2025-09-03T13:44:30 IST" name="Default suite" finished-at="2025-09-03T13:44:30 IST" duration-ms="149">
    <groups>
    </groups>
    <test started-at="2025-09-03T13:44:30 IST" name="Default test" finished-at="2025-09-03T13:44:30 IST" duration-ms="149">
      <class name="testMavenp.MavenTestng">
        <test-method signature="a()[pri:0, instance:testMavenp.MavenTestng@3e92efc3]" started-at="2025-09-03T13:44:30 IST" name="a" finished-at="2025-09-03T13:44:30 IST" duration-ms="23" status="PASS">
          <reporter-output>
          </reporter-output>
        </test-method> <!-- a -->
        <test-method signature="baer()[pri:0, instance:testMavenp.MavenTestng@3e92efc3]" started-at="2025-09-03T13:44:30 IST" name="baer" finished-at="2025-09-03T13:44:30 IST" duration-ms="7" status="PASS">
          <reporter-output>
          </reporter-output>
        </test-method> <!-- baer -->
        <test-method signature="bear()[pri:0, instance:testMavenp.MavenTestng@3e92efc3]" started-at="2025-09-03T13:44:30 IST" name="bear" finished-at="2025-09-03T13:44:30 IST" duration-ms="9" status="PASS">
          <reporter-output>
          </reporter-output>
        </test-method> <!-- bear -->
        <test-method signature="dear()[pri:0, instance:testMavenp.MavenTestng@3e92efc3]" started-at="2025-09-03T13:44:30 IST" name="dear" finished-at="2025-09-03T13:44:30 IST" duration-ms="4" status="PASS">
          <reporter-output>
          </reporter-output>
        </test-method> <!-- dear -->
      </class> <!-- testMavenp.MavenTestng -->
    </test> <!-- Default test -->
  </suite> <!-- Default suite -->
</testng-results>
