<?xml version="1.0" encoding="UTF-8"?>
<!-- Generated by org.testng.reporters.JUnitXMLReporter -->
<testsuite ignored="0" hostname="LAPTOP-FD6SDTLA" failures="0" tests="4" name="Default test" time="0.149" errors="0" timestamp="2025-09-03T13:44:31 IST">
  <testcase classname="testMavenp.MavenTestng" name="a" time="0.023"/>
  <testcase classname="testMavenp.MavenTestng" name="baer" time="0.007"/>
  <testcase classname="testMavenp.MavenTestng" name="bear" time="0.009"/>
  <testcase classname="testMavenp.MavenTestng" name="dear" time="0.004"/>
</testsuite> <!-- Default test -->
